[22-Nov-2022 09:06:10 UTC] Plugin DAM insert: 1
[22-Nov-2022 09:06:22 UTC] Plugin DAM insert: 1
[22-Nov-2022 09:06:24 UTC] Plugin DAM insert: 1
[22-Nov-2022 09:06:24 UTC] Plugin DAM insert: 1
[22-Nov-2022 09:06:24 UTC] Plugin DAM insert: 1
[22-Nov-2022 09:06:24 UTC] Plugin DAM insert: 1
[22-Nov-2022 09:06:28 UTC] Plugin DAM insert: 1
[22-Nov-2022 09:06:36 UTC] Plugin DAM insert: 1
[22-Nov-2022 09:06:39 UTC] Plugin DAM insert: 1
[22-Nov-2022 09:07:31 UTC] Plugin DAM insert: 1
[22-Nov-2022 09:07:33 UTC] Plugin DAM insert: 1
[22-Nov-2022 09:08:34 UTC] Plugin DAM insert: 1
[22-Nov-2022 09:10:33 UTC] Plugin DAM insert: 1
[22-Nov-2022 09:12:33 UTC] Plugin DAM insert: 1
[22-Nov-2022 09:14:06 UTC] Plugin DAM insert: 1
[22-Nov-2022 09:15:06 UTC] Plugin DAM insert: 1
[22-Nov-2022 09:17:06 UTC] Plugin DAM insert: 1
[22-Nov-2022 09:17:20 UTC] Plugin DAM insert: 1
[22-Nov-2022 09:17:20 UTC] PHP Fatal error:  Cannot redeclare renym_wordpress_typo_fix() (previously declared in /var/www/html/wp-content/plugins/Tabla/UsoBD.php:12) in /var/www/html/wp-content/themes/twentytwenty/functions.php on line 39
[22-Nov-2022 09:17:23 UTC] Plugin DAM insert: 1
[22-Nov-2022 09:17:23 UTC] PHP Fatal error:  Cannot redeclare renym_wordpress_typo_fix() (previously declared in /var/www/html/wp-content/plugins/Tabla/UsoBD.php:12) in /var/www/html/wp-content/themes/twentytwenty/functions.php on line 39
[22-Nov-2022 09:27:11 UTC] Plugin DAM insert: 1
[22-Nov-2022 09:27:11 UTC] PHP Fatal error:  Cannot redeclare renym_wordpress_typo_fix() (previously declared in /var/www/html/wp-content/plugins/Tabla/UsoBD.php:12) in /var/www/html/wp-content/themes/twentytwenty/functions.php on line 39
[22-Nov-2022 09:27:53 UTC] Plugin DAM insert: 1
[22-Nov-2022 09:27:54 UTC] Plugin DAM insert: 1
[22-Nov-2022 09:27:54 UTC] Plugin DAM insert: 1
[22-Nov-2022 09:27:55 UTC] Plugin DAM insert: 1
[22-Nov-2022 09:28:56 UTC] Plugin DAM insert: 1
[22-Nov-2022 09:28:56 UTC] PHP Fatal error:  Cannot redeclare renym_wordpress_typo_fix() (previously declared in /var/www/html/wp-content/plugins/Tabla/UsoBD.php:12) in /var/www/html/wp-content/themes/twentytwenty/functions.php on line 39
[22-Nov-2022 09:29:56 UTC] Plugin DAM insert: 1
[22-Nov-2022 09:31:53 UTC] Plugin DAM insert: 1
[22-Nov-2022 09:32:53 UTC] Plugin DAM insert: 1
[22-Nov-2022 09:34:53 UTC] Plugin DAM insert: 1
[22-Nov-2022 09:35:53 UTC] Plugin DAM insert: 1
[22-Nov-2022 09:36:26 UTC] Plugin DAM insert: 1
[22-Nov-2022 09:36:28 UTC] Plugin DAM insert: 1
[22-Nov-2022 09:36:30 UTC] Plugin DAM insert: 1
[22-Nov-2022 09:37:31 UTC] Plugin DAM insert: 1
[22-Nov-2022 09:39:31 UTC] Plugin DAM insert: 1
[22-Nov-2022 09:41:31 UTC] Plugin DAM insert: 1
[22-Nov-2022 09:43:31 UTC] Plugin DAM insert: 1
[22-Nov-2022 09:43:31 UTC] PHP Fatal error:  Cannot redeclare renym_wordpress_typo_fix() (previously declared in /var/www/html/wp-content/plugins/Tabla/UsoBD.php:15) in /var/www/html/wp-content/themes/twentytwenty/functions.php on line 39
[22-Nov-2022 09:43:35 UTC] Plugin DAM insert: 1
[22-Nov-2022 09:43:35 UTC] PHP Fatal error:  Cannot redeclare renym_wordpress_typo_fix() (previously declared in /var/www/html/wp-content/plugins/Tabla/UsoBD.php:15) in /var/www/html/wp-content/themes/twentytwenty/functions.php on line 39
[22-Nov-2022 09:43:59 UTC] Plugin DAM insert: 1
[22-Nov-2022 09:43:59 UTC] PHP Fatal error:  Cannot redeclare renym_wordpress_typo_fix() (previously declared in /var/www/html/wp-content/plugins/Tabla/UsoBD.php:15) in /var/www/html/wp-content/themes/twentytwenty/functions.php on line 39
[22-Nov-2022 09:44:01 UTC] Plugin DAM insert: 1
[22-Nov-2022 09:44:01 UTC] PHP Fatal error:  Cannot redeclare renym_wordpress_typo_fix() (previously declared in /var/www/html/wp-content/plugins/Tabla/UsoBD.php:15) in /var/www/html/wp-content/themes/twentytwenty/functions.php on line 39
[22-Nov-2022 09:44:02 UTC] Plugin DAM insert: 1
[22-Nov-2022 09:44:02 UTC] PHP Fatal error:  Cannot redeclare renym_wordpress_typo_fix() (previously declared in /var/www/html/wp-content/plugins/Tabla/UsoBD.php:15) in /var/www/html/wp-content/themes/twentytwenty/functions.php on line 39
[22-Nov-2022 09:44:03 UTC] Plugin DAM insert: 1
[22-Nov-2022 09:44:03 UTC] PHP Fatal error:  Cannot redeclare renym_wordpress_typo_fix() (previously declared in /var/www/html/wp-content/plugins/Tabla/UsoBD.php:15) in /var/www/html/wp-content/themes/twentytwenty/functions.php on line 39
[22-Nov-2022 09:44:24 UTC] Plugin DAM insert: 1
[22-Nov-2022 09:44:49 UTC] Plugin DAM insert: 1
[22-Nov-2022 09:44:54 UTC] Plugin DAM insert: 1
[22-Nov-2022 09:44:56 UTC] Plugin DAM insert: 1
[22-Nov-2022 09:45:57 UTC] Plugin DAM insert: 1
[22-Nov-2022 09:47:57 UTC] Plugin DAM insert: 1
[22-Nov-2022 09:49:57 UTC] Plugin DAM insert: 1
[22-Nov-2022 09:51:57 UTC] Plugin DAM insert: 1
[22-Nov-2022 09:53:57 UTC] Plugin DAM insert: 1
[22-Nov-2022 09:55:57 UTC] Plugin DAM insert: 1
[22-Nov-2022 09:57:57 UTC] Plugin DAM insert: 1
[22-Nov-2022 09:59:57 UTC] Plugin DAM insert: 1
[22-Nov-2022 10:01:47 UTC] Plugin DAM insert: 1
[29-Nov-2022 09:37:48 UTC] PHP Fatal error:  Cannot redeclare cambiar_malsonantes() (previously declared in /var/www/html/wp-content/plugins/Tabla/UsoBD.php:49) in /var/www/html/wp-content/plugins/malsonante/malsonantes.php on line 12
[29-Nov-2022 09:37:49 UTC] PHP Fatal error:  Cannot redeclare cambiar_malsonantes() (previously declared in /var/www/html/wp-content/plugins/Tabla/UsoBD.php:49) in /var/www/html/wp-content/plugins/malsonante/malsonantes.php on line 12
[29-Nov-2022 09:37:49 UTC] PHP Fatal error:  Cannot redeclare cambiar_malsonantes() (previously declared in /var/www/html/wp-content/plugins/Tabla/UsoBD.php:49) in /var/www/html/wp-content/plugins/malsonante/malsonantes.php on line 12
[29-Nov-2022 09:49:01 UTC] PHP Fatal error:  Uncaught ArgumentCountError: Too few arguments to function add_action(), 1 passed in /var/www/html/wp-content/plugins/Tabla/UsoBD.php on line 47 and at least 2 expected in /var/www/html/wp-includes/plugin.php:403
Stack trace:
#0 /var/www/html/wp-content/plugins/Tabla/UsoBD.php(47): add_action('plugins_')
#1 /var/www/html/wp-settings.php(377): include_once('/var/www/html/w...')
#2 /var/www/html/wp-config.php(92): require_once('/var/www/html/w...')
#3 /var/www/html/wp-load.php(37): require_once('/var/www/html/w...')
#4 /var/www/html/wp-admin/admin-ajax.php(22): require_once('/var/www/html/w...')
#5 {main}
  thrown in /var/www/html/wp-includes/plugin.php on line 403
[29-Nov-2022 09:53:01 UTC] PHP Parse error:  syntax error, unexpected '}' in /var/www/html/wp-content/plugins/Tabla/UsoBD.php on line 40
[29-Nov-2022 09:59:01 UTC] WordPress database error Duplicate entry '1' for key 'PRIMARY' for query INSERT INTO wp_malsonantes (id, malsonante) VALUES (1, 'tonto') made by require_once('wp-load.php'), require_once('wp-config.php'), require_once('wp-settings.php'), do_action('plugins_loaded'), WP_Hook->do_action, WP_Hook->apply_filters, insertar_valores, dbDelta
[29-Nov-2022 09:59:01 UTC] WordPress database error Duplicate entry '1' for key 'PRIMARY' for query INSERT INTO wp_malsonantes (id, malsonante) VALUES (1, 'tonto') made by require_once('wp-load.php'), require_once('wp-config.php'), require_once('wp-settings.php'), do_action('plugins_loaded'), WP_Hook->do_action, WP_Hook->apply_filters, insertar_valores, dbDelta
[29-Nov-2022 09:59:01 UTC] WordPress database error Duplicate entry '1' for key 'PRIMARY' for query INSERT INTO wp_malsonantes (id, malsonante) VALUES (1, 'tonto') made by require_once('wp-load.php'), require_once('wp-config.php'), require_once('wp-settings.php'), do_action('plugins_loaded'), WP_Hook->do_action, WP_Hook->apply_filters, insertar_valores, dbDelta
[29-Nov-2022 09:59:01 UTC] WordPress database error Duplicate entry '1' for key 'PRIMARY' for query INSERT INTO wp_malsonantes (id, malsonante) VALUES (1, 'tonto') made by require_once('wp-load.php'), require_once('wp-config.php'), require_once('wp-settings.php'), do_action('plugins_loaded'), WP_Hook->do_action, WP_Hook->apply_filters, insertar_valores, dbDelta
[29-Nov-2022 09:59:01 UTC] WordPress database error Duplicate entry '1' for key 'PRIMARY' for query INSERT INTO wp_malsonantes (id, correccion) VALUES (1, 'listo') made by require_once('wp-load.php'), require_once('wp-config.php'), require_once('wp-settings.php'), do_action('plugins_loaded'), WP_Hook->do_action, WP_Hook->apply_filters, insertar_valores, dbDelta
[29-Nov-2022 10:01:01 UTC] WordPress database error Duplicate entry '1' for key 'PRIMARY' for query INSERT INTO wp_malsonantes (id, malsonante) VALUES (1, 'tonto') made by require_once('wp-load.php'), require_once('wp-config.php'), require_once('wp-settings.php'), do_action('plugins_loaded'), WP_Hook->do_action, WP_Hook->apply_filters, insertar_valores, dbDelta
[29-Nov-2022 10:01:01 UTC] WordPress database error Duplicate entry '1' for key 'PRIMARY' for query INSERT INTO wp_malsonantes (id, malsonante) VALUES (1, 'tonto') made by require_once('wp-load.php'), require_once('wp-config.php'), require_once('wp-settings.php'), do_action('plugins_loaded'), WP_Hook->do_action, WP_Hook->apply_filters, insertar_valores, dbDelta
[29-Nov-2022 10:01:01 UTC] WordPress database error Duplicate entry '1' for key 'PRIMARY' for query INSERT INTO wp_malsonantes (id, malsonante) VALUES (1, 'tonto') made by require_once('wp-load.php'), require_once('wp-config.php'), require_once('wp-settings.php'), do_action('plugins_loaded'), WP_Hook->do_action, WP_Hook->apply_filters, insertar_valores, dbDelta
[29-Nov-2022 10:01:01 UTC] WordPress database error Duplicate entry '1' for key 'PRIMARY' for query INSERT INTO wp_malsonantes (id, malsonante) VALUES (1, 'tonto') made by require_once('wp-load.php'), require_once('wp-config.php'), require_once('wp-settings.php'), do_action('plugins_loaded'), WP_Hook->do_action, WP_Hook->apply_filters, insertar_valores, dbDelta
[29-Nov-2022 10:01:01 UTC] WordPress database error Duplicate entry '1' for key 'PRIMARY' for query INSERT INTO wp_malsonantes (id, malsonante) VALUES (1, 'tonto') made by require_once('wp-load.php'), require_once('wp-config.php'), require_once('wp-settings.php'), do_action('plugins_loaded'), WP_Hook->do_action, WP_Hook->apply_filters, insertar_valores, dbDelta
[29-Nov-2022 10:01:01 UTC] WordPress database error Duplicate entry '1' for key 'PRIMARY' for query INSERT INTO wp_malsonantes (id, correccion) VALUES (1, 'listo') made by require_once('wp-load.php'), require_once('wp-config.php'), require_once('wp-settings.php'), do_action('plugins_loaded'), WP_Hook->do_action, WP_Hook->apply_filters, insertar_valores, dbDelta
[29-Nov-2022 10:01:01 UTC] WordPress database error Duplicate entry '2' for key 'PRIMARY' for query INSERT INTO wp_malsonantes (id, correccion) VALUES (2, 'jopelines') made by require_once('wp-load.php'), require_once('wp-config.php'), require_once('wp-settings.php'), do_action('plugins_loaded'), WP_Hook->do_action, WP_Hook->apply_filters, insertar_valores, dbDelta
[29-Nov-2022 10:01:01 UTC] WordPress database error Duplicate entry '3' for key 'PRIMARY' for query INSERT INTO wp_malsonantes (id, correccion) VALUES (3, 'guapo') made by require_once('wp-load.php'), require_once('wp-config.php'), require_once('wp-settings.php'), do_action('plugins_loaded'), WP_Hook->do_action, WP_Hook->apply_filters, insertar_valores, dbDelta
[29-Nov-2022 10:01:01 UTC] WordPress database error Duplicate entry '4' for key 'PRIMARY' for query INSERT INTO wp_malsonantes (id, correccion) VALUES (4, 'excremento') made by require_once('wp-load.php'), require_once('wp-config.php'), require_once('wp-settings.php'), do_action('plugins_loaded'), WP_Hook->do_action, WP_Hook->apply_filters, insertar_valores, dbDelta
[29-Nov-2022 10:01:01 UTC] WordPress database error Duplicate entry '5' for key 'PRIMARY' for query INSERT INTO wp_malsonantes (id, correccion) VALUES (5, 'carbón') made by require_once('wp-load.php'), require_once('wp-config.php'), require_once('wp-settings.php'), do_action('plugins_loaded'), WP_Hook->do_action, WP_Hook->apply_filters, insertar_valores, dbDelta
[29-Nov-2022 10:02:12 UTC] WordPress database error Duplicate entry '1' for key 'PRIMARY' for query INSERT INTO wp_malsonantes (id, malsonante) VALUES (1, 'tonto') made by require_once('wp-load.php'), require_once('wp-config.php'), require_once('wp-settings.php'), do_action('plugins_loaded'), WP_Hook->do_action, WP_Hook->apply_filters, insertar_valores, dbDelta
[29-Nov-2022 10:02:12 UTC] WordPress database error Duplicate entry '1' for key 'PRIMARY' for query INSERT INTO wp_malsonantes (id, malsonante) VALUES (1, 'tonto') made by require_once('wp-load.php'), require_once('wp-config.php'), require_once('wp-settings.php'), do_action('plugins_loaded'), WP_Hook->do_action, WP_Hook->apply_filters, insertar_valores, dbDelta
[29-Nov-2022 10:02:12 UTC] WordPress database error Duplicate entry '1' for key 'PRIMARY' for query INSERT INTO wp_malsonantes (id, malsonante) VALUES (1, 'tonto') made by require_once('wp-load.php'), require_once('wp-config.php'), require_once('wp-settings.php'), do_action('plugins_loaded'), WP_Hook->do_action, WP_Hook->apply_filters, insertar_valores, dbDelta
[29-Nov-2022 10:02:12 UTC] WordPress database error Duplicate entry '1' for key 'PRIMARY' for query INSERT INTO wp_malsonantes (id, malsonante) VALUES (1, 'tonto') made by require_once('wp-load.php'), require_once('wp-config.php'), require_once('wp-settings.php'), do_action('plugins_loaded'), WP_Hook->do_action, WP_Hook->apply_filters, insertar_valores, dbDelta
[29-Nov-2022 10:02:12 UTC] WordPress database error Duplicate entry '1' for key 'PRIMARY' for query INSERT INTO wp_malsonantes (id, malsonante) VALUES (1, 'tonto') made by require_once('wp-load.php'), require_once('wp-config.php'), require_once('wp-settings.php'), do_action('plugins_loaded'), WP_Hook->do_action, WP_Hook->apply_filters, insertar_valores, dbDelta
[29-Nov-2022 10:02:12 UTC] WordPress database error Duplicate entry '1' for key 'PRIMARY' for query INSERT INTO wp_malsonantes (id, correccion) VALUES (1, 'listo') made by require_once('wp-load.php'), require_once('wp-config.php'), require_once('wp-settings.php'), do_action('plugins_loaded'), WP_Hook->do_action, WP_Hook->apply_filters, insertar_valores, dbDelta
[29-Nov-2022 10:02:12 UTC] WordPress database error Duplicate entry '2' for key 'PRIMARY' for query INSERT INTO wp_malsonantes (id, correccion) VALUES (2, 'jopelines') made by require_once('wp-load.php'), require_once('wp-config.php'), require_once('wp-settings.php'), do_action('plugins_loaded'), WP_Hook->do_action, WP_Hook->apply_filters, insertar_valores, dbDelta
[29-Nov-2022 10:02:12 UTC] WordPress database error Duplicate entry '3' for key 'PRIMARY' for query INSERT INTO wp_malsonantes (id, correccion) VALUES (3, 'guapo') made by require_once('wp-load.php'), require_once('wp-config.php'), require_once('wp-settings.php'), do_action('plugins_loaded'), WP_Hook->do_action, WP_Hook->apply_filters, insertar_valores, dbDelta
[29-Nov-2022 10:02:12 UTC] WordPress database error Duplicate entry '4' for key 'PRIMARY' for query INSERT INTO wp_malsonantes (id, correccion) VALUES (4, 'excremento') made by require_once('wp-load.php'), require_once('wp-config.php'), require_once('wp-settings.php'), do_action('plugins_loaded'), WP_Hook->do_action, WP_Hook->apply_filters, insertar_valores, dbDelta
[29-Nov-2022 10:02:12 UTC] WordPress database error Duplicate entry '5' for key 'PRIMARY' for query INSERT INTO wp_malsonantes (id, correccion) VALUES (5, 'carbón') made by require_once('wp-load.php'), require_once('wp-config.php'), require_once('wp-settings.php'), do_action('plugins_loaded'), WP_Hook->do_action, WP_Hook->apply_filters, insertar_valores, dbDelta
[29-Nov-2022 10:02:14 UTC] WordPress database error Duplicate entry '1' for key 'PRIMARY' for query INSERT INTO wp_malsonantes (id, malsonante) VALUES (1, 'tonto') made by require_once('wp-admin/admin.php'), require_once('wp-load.php'), require_once('wp-config.php'), require_once('wp-settings.php'), do_action('plugins_loaded'), WP_Hook->do_action, WP_Hook->apply_filters, insertar_valores, dbDelta
[29-Nov-2022 10:02:14 UTC] WordPress database error Duplicate entry '1' for key 'PRIMARY' for query INSERT INTO wp_malsonantes (id, malsonante) VALUES (1, 'tonto') made by require_once('wp-admin/admin.php'), require_once('wp-load.php'), require_once('wp-config.php'), require_once('wp-settings.php'), do_action('plugins_loaded'), WP_Hook->do_action, WP_Hook->apply_filters, insertar_valores, dbDelta
[29-Nov-2022 10:02:14 UTC] WordPress database error Duplicate entry '1' for key 'PRIMARY' for query INSERT INTO wp_malsonantes (id, malsonante) VALUES (1, 'tonto') made by require_once('wp-admin/admin.php'), require_once('wp-load.php'), require_once('wp-config.php'), require_once('wp-settings.php'), do_action('plugins_loaded'), WP_Hook->do_action, WP_Hook->apply_filters, insertar_valores, dbDelta
[29-Nov-2022 10:02:14 UTC] WordPress database error Duplicate entry '1' for key 'PRIMARY' for query INSERT INTO wp_malsonantes (id, malsonante) VALUES (1, 'tonto') made by require_once('wp-admin/admin.php'), require_once('wp-load.php'), require_once('wp-config.php'), require_once('wp-settings.php'), do_action('plugins_loaded'), WP_Hook->do_action, WP_Hook->apply_filters, insertar_valores, dbDelta
[29-Nov-2022 10:02:14 UTC] WordPress database error Duplicate entry '1' for key 'PRIMARY' for query INSERT INTO wp_malsonantes (id, malsonante) VALUES (1, 'tonto') made by require_once('wp-admin/admin.php'), require_once('wp-load.php'), require_once('wp-config.php'), require_once('wp-settings.php'), do_action('plugins_loaded'), WP_Hook->do_action, WP_Hook->apply_filters, insertar_valores, dbDelta
[29-Nov-2022 10:02:14 UTC] WordPress database error Duplicate entry '1' for key 'PRIMARY' for query INSERT INTO wp_malsonantes (id, correccion) VALUES (1, 'listo') made by require_once('wp-admin/admin.php'), require_once('wp-load.php'), require_once('wp-config.php'), require_once('wp-settings.php'), do_action('plugins_loaded'), WP_Hook->do_action, WP_Hook->apply_filters, insertar_valores, dbDelta
[29-Nov-2022 10:02:14 UTC] WordPress database error Duplicate entry '2' for key 'PRIMARY' for query INSERT INTO wp_malsonantes (id, correccion) VALUES (2, 'jopelines') made by require_once('wp-admin/admin.php'), require_once('wp-load.php'), require_once('wp-config.php'), require_once('wp-settings.php'), do_action('plugins_loaded'), WP_Hook->do_action, WP_Hook->apply_filters, insertar_valores, dbDelta
[29-Nov-2022 10:02:14 UTC] WordPress database error Duplicate entry '3' for key 'PRIMARY' for query INSERT INTO wp_malsonantes (id, correccion) VALUES (3, 'guapo') made by require_once('wp-admin/admin.php'), require_once('wp-load.php'), require_once('wp-config.php'), require_once('wp-settings.php'), do_action('plugins_loaded'), WP_Hook->do_action, WP_Hook->apply_filters, insertar_valores, dbDelta
[29-Nov-2022 10:02:14 UTC] WordPress database error Duplicate entry '4' for key 'PRIMARY' for query INSERT INTO wp_malsonantes (id, correccion) VALUES (4, 'excremento') made by require_once('wp-admin/admin.php'), require_once('wp-load.php'), require_once('wp-config.php'), require_once('wp-settings.php'), do_action('plugins_loaded'), WP_Hook->do_action, WP_Hook->apply_filters, insertar_valores, dbDelta
[29-Nov-2022 10:02:14 UTC] WordPress database error Duplicate entry '5' for key 'PRIMARY' for query INSERT INTO wp_malsonantes (id, correccion) VALUES (5, 'carbón') made by require_once('wp-admin/admin.php'), require_once('wp-load.php'), require_once('wp-config.php'), require_once('wp-settings.php'), do_action('plugins_loaded'), WP_Hook->do_action, WP_Hook->apply_filters, insertar_valores, dbDelta
[29-Nov-2022 10:02:15 UTC] WordPress database error Duplicate entry '1' for key 'PRIMARY' for query INSERT INTO wp_malsonantes (id, malsonante) VALUES (1, 'tonto') made by require_once('wp-admin/admin.php'), require_once('wp-load.php'), require_once('wp-config.php'), require_once('wp-settings.php'), do_action('plugins_loaded'), WP_Hook->do_action, WP_Hook->apply_filters, insertar_valores, dbDelta
[29-Nov-2022 10:02:15 UTC] WordPress database error Duplicate entry '1' for key 'PRIMARY' for query INSERT INTO wp_malsonantes (id, malsonante) VALUES (1, 'tonto') made by require_once('wp-admin/admin.php'), require_once('wp-load.php'), require_once('wp-config.php'), require_once('wp-settings.php'), do_action('plugins_loaded'), WP_Hook->do_action, WP_Hook->apply_filters, insertar_valores, dbDelta
[29-Nov-2022 10:02:15 UTC] WordPress database error Duplicate entry '1' for key 'PRIMARY' for query INSERT INTO wp_malsonantes (id, malsonante) VALUES (1, 'tonto') made by require_once('wp-admin/admin.php'), require_once('wp-load.php'), require_once('wp-config.php'), require_once('wp-settings.php'), do_action('plugins_loaded'), WP_Hook->do_action, WP_Hook->apply_filters, insertar_valores, dbDelta
[29-Nov-2022 10:02:15 UTC] WordPress database error Duplicate entry '1' for key 'PRIMARY' for query INSERT INTO wp_malsonantes (id, malsonante) VALUES (1, 'tonto') made by require_once('wp-admin/admin.php'), require_once('wp-load.php'), require_once('wp-config.php'), require_once('wp-settings.php'), do_action('plugins_loaded'), WP_Hook->do_action, WP_Hook->apply_filters, insertar_valores, dbDelta
[29-Nov-2022 10:02:15 UTC] WordPress database error Duplicate entry '1' for key 'PRIMARY' for query INSERT INTO wp_malsonantes (id, malsonante) VALUES (1, 'tonto') made by require_once('wp-admin/admin.php'), require_once('wp-load.php'), require_once('wp-config.php'), require_once('wp-settings.php'), do_action('plugins_loaded'), WP_Hook->do_action, WP_Hook->apply_filters, insertar_valores, dbDelta
[29-Nov-2022 10:02:15 UTC] WordPress database error Duplicate entry '1' for key 'PRIMARY' for query INSERT INTO wp_malsonantes (id, correccion) VALUES (1, 'listo') made by require_once('wp-admin/admin.php'), require_once('wp-load.php'), require_once('wp-config.php'), require_once('wp-settings.php'), do_action('plugins_loaded'), WP_Hook->do_action, WP_Hook->apply_filters, insertar_valores, dbDelta
[29-Nov-2022 10:02:15 UTC] WordPress database error Duplicate entry '2' for key 'PRIMARY' for query INSERT INTO wp_malsonantes (id, correccion) VALUES (2, 'jopelines') made by require_once('wp-admin/admin.php'), require_once('wp-load.php'), require_once('wp-config.php'), require_once('wp-settings.php'), do_action('plugins_loaded'), WP_Hook->do_action, WP_Hook->apply_filters, insertar_valores, dbDelta
[29-Nov-2022 10:02:15 UTC] WordPress database error Duplicate entry '3' for key 'PRIMARY' for query INSERT INTO wp_malsonantes (id, correccion) VALUES (3, 'guapo') made by require_once('wp-admin/admin.php'), require_once('wp-load.php'), require_once('wp-config.php'), require_once('wp-settings.php'), do_action('plugins_loaded'), WP_Hook->do_action, WP_Hook->apply_filters, insertar_valores, dbDelta
[29-Nov-2022 10:02:15 UTC] WordPress database error Duplicate entry '4' for key 'PRIMARY' for query INSERT INTO wp_malsonantes (id, correccion) VALUES (4, 'excremento') made by require_once('wp-admin/admin.php'), require_once('wp-load.php'), require_once('wp-config.php'), require_once('wp-settings.php'), do_action('plugins_loaded'), WP_Hook->do_action, WP_Hook->apply_filters, insertar_valores, dbDelta
[29-Nov-2022 10:02:15 UTC] WordPress database error Duplicate entry '5' for key 'PRIMARY' for query INSERT INTO wp_malsonantes (id, correccion) VALUES (5, 'carbón') made by require_once('wp-admin/admin.php'), require_once('wp-load.php'), require_once('wp-config.php'), require_once('wp-settings.php'), do_action('plugins_loaded'), WP_Hook->do_action, WP_Hook->apply_filters, insertar_valores, dbDelta
[29-Nov-2022 10:02:43 UTC] WordPress database error Duplicate entry '1' for key 'PRIMARY' for query INSERT INTO wp_malsonantes (id, malsonante) VALUES (1, 'tonto') made by require_once('wp-admin/admin.php'), require_once('wp-load.php'), require_once('wp-config.php'), require_once('wp-settings.php'), do_action('plugins_loaded'), WP_Hook->do_action, WP_Hook->apply_filters, insertar_valores, dbDelta
[29-Nov-2022 10:02:43 UTC] WordPress database error Duplicate entry '1' for key 'PRIMARY' for query INSERT INTO wp_malsonantes (id, malsonante) VALUES (1, 'tonto') made by require_once('wp-admin/admin.php'), require_once('wp-load.php'), require_once('wp-config.php'), require_once('wp-settings.php'), do_action('plugins_loaded'), WP_Hook->do_action, WP_Hook->apply_filters, insertar_valores, dbDelta
[29-Nov-2022 10:02:43 UTC] WordPress database error Duplicate entry '1' for key 'PRIMARY' for query INSERT INTO wp_malsonantes (id, malsonante) VALUES (1, 'tonto') made by require_once('wp-admin/admin.php'), require_once('wp-load.php'), require_once('wp-config.php'), require_once('wp-settings.php'), do_action('plugins_loaded'), WP_Hook->do_action, WP_Hook->apply_filters, insertar_valores, dbDelta
[29-Nov-2022 10:02:43 UTC] WordPress database error Duplicate entry '1' for key 'PRIMARY' for query INSERT INTO wp_malsonantes (id, malsonante) VALUES (1, 'tonto') made by require_once('wp-admin/admin.php'), require_once('wp-load.php'), require_once('wp-config.php'), require_once('wp-settings.php'), do_action('plugins_loaded'), WP_Hook->do_action, WP_Hook->apply_filters, insertar_valores, dbDelta
[29-Nov-2022 10:02:43 UTC] WordPress database error Duplicate entry '1' for key 'PRIMARY' for query INSERT INTO wp_malsonantes (id, malsonante) VALUES (1, 'tonto') made by require_once('wp-admin/admin.php'), require_once('wp-load.php'), require_once('wp-config.php'), require_once('wp-settings.php'), do_action('plugins_loaded'), WP_Hook->do_action, WP_Hook->apply_filters, insertar_valores, dbDelta
[29-Nov-2022 10:02:43 UTC] WordPress database error Duplicate entry '1' for key 'PRIMARY' for query INSERT INTO wp_malsonantes (id, correccion) VALUES (1, 'listo') made by require_once('wp-admin/admin.php'), require_once('wp-load.php'), require_once('wp-config.php'), require_once('wp-settings.php'), do_action('plugins_loaded'), WP_Hook->do_action, WP_Hook->apply_filters, insertar_valores, dbDelta
[29-Nov-2022 10:02:43 UTC] WordPress database error Duplicate entry '2' for key 'PRIMARY' for query INSERT INTO wp_malsonantes (id, correccion) VALUES (2, 'jopelines') made by require_once('wp-admin/admin.php'), require_once('wp-load.php'), require_once('wp-config.php'), require_once('wp-settings.php'), do_action('plugins_loaded'), WP_Hook->do_action, WP_Hook->apply_filters, insertar_valores, dbDelta
[29-Nov-2022 10:02:43 UTC] WordPress database error Duplicate entry '3' for key 'PRIMARY' for query INSERT INTO wp_malsonantes (id, correccion) VALUES (3, 'guapo') made by require_once('wp-admin/admin.php'), require_once('wp-load.php'), require_once('wp-config.php'), require_once('wp-settings.php'), do_action('plugins_loaded'), WP_Hook->do_action, WP_Hook->apply_filters, insertar_valores, dbDelta
[29-Nov-2022 10:02:43 UTC] WordPress database error Duplicate entry '4' for key 'PRIMARY' for query INSERT INTO wp_malsonantes (id, correccion) VALUES (4, 'excremento') made by require_once('wp-admin/admin.php'), require_once('wp-load.php'), require_once('wp-config.php'), require_once('wp-settings.php'), do_action('plugins_loaded'), WP_Hook->do_action, WP_Hook->apply_filters, insertar_valores, dbDelta
[29-Nov-2022 10:02:43 UTC] WordPress database error Duplicate entry '5' for key 'PRIMARY' for query INSERT INTO wp_malsonantes (id, correccion) VALUES (5, 'carbón') made by require_once('wp-admin/admin.php'), require_once('wp-load.php'), require_once('wp-config.php'), require_once('wp-settings.php'), do_action('plugins_loaded'), WP_Hook->do_action, WP_Hook->apply_filters, insertar_valores, dbDelta
[29-Nov-2022 10:02:43 UTC] WordPress database error Duplicate entry '1' for key 'PRIMARY' for query INSERT INTO wp_malsonantes (id, malsonante) VALUES (1, 'tonto') made by require_once('wp-load.php'), require_once('wp-config.php'), require_once('wp-settings.php'), do_action('plugins_loaded'), WP_Hook->do_action, WP_Hook->apply_filters, insertar_valores, dbDelta
[29-Nov-2022 10:02:43 UTC] WordPress database error Duplicate entry '1' for key 'PRIMARY' for query INSERT INTO wp_malsonantes (id, malsonante) VALUES (1, 'tonto') made by require_once('wp-load.php'), require_once('wp-config.php'), require_once('wp-settings.php'), do_action('plugins_loaded'), WP_Hook->do_action, WP_Hook->apply_filters, insertar_valores, dbDelta
[29-Nov-2022 10:02:43 UTC] WordPress database error Duplicate entry '1' for key 'PRIMARY' for query INSERT INTO wp_malsonantes (id, malsonante) VALUES (1, 'tonto') made by require_once('wp-load.php'), require_once('wp-config.php'), require_once('wp-settings.php'), do_action('plugins_loaded'), WP_Hook->do_action, WP_Hook->apply_filters, insertar_valores, dbDelta
[29-Nov-2022 10:02:43 UTC] WordPress database error Duplicate entry '1' for key 'PRIMARY' for query INSERT INTO wp_malsonantes (id, malsonante) VALUES (1, 'tonto') made by require_once('wp-load.php'), require_once('wp-config.php'), require_once('wp-settings.php'), do_action('plugins_loaded'), WP_Hook->do_action, WP_Hook->apply_filters, insertar_valores, dbDelta
[29-Nov-2022 10:02:43 UTC] WordPress database error Duplicate entry '1' for key 'PRIMARY' for query INSERT INTO wp_malsonantes (id, malsonante) VALUES (1, 'tonto') made by require_once('wp-load.php'), require_once('wp-config.php'), require_once('wp-settings.php'), do_action('plugins_loaded'), WP_Hook->do_action, WP_Hook->apply_filters, insertar_valores, dbDelta
[29-Nov-2022 10:02:43 UTC] WordPress database error Duplicate entry '1' for key 'PRIMARY' for query INSERT INTO wp_malsonantes (id, correccion) VALUES (1, 'listo') made by require_once('wp-load.php'), require_once('wp-config.php'), require_once('wp-settings.php'), do_action('plugins_loaded'), WP_Hook->do_action, WP_Hook->apply_filters, insertar_valores, dbDelta
[29-Nov-2022 10:02:43 UTC] WordPress database error Duplicate entry '2' for key 'PRIMARY' for query INSERT INTO wp_malsonantes (id, correccion) VALUES (2, 'jopelines') made by require_once('wp-load.php'), require_once('wp-config.php'), require_once('wp-settings.php'), do_action('plugins_loaded'), WP_Hook->do_action, WP_Hook->apply_filters, insertar_valores, dbDelta
[29-Nov-2022 10:02:43 UTC] WordPress database error Duplicate entry '3' for key 'PRIMARY' for query INSERT INTO wp_malsonantes (id, correccion) VALUES (3, 'guapo') made by require_once('wp-load.php'), require_once('wp-config.php'), require_once('wp-settings.php'), do_action('plugins_loaded'), WP_Hook->do_action, WP_Hook->apply_filters, insertar_valores, dbDelta
[29-Nov-2022 10:02:43 UTC] WordPress database error Duplicate entry '4' for key 'PRIMARY' for query INSERT INTO wp_malsonantes (id, correccion) VALUES (4, 'excremento') made by require_once('wp-load.php'), require_once('wp-config.php'), require_once('wp-settings.php'), do_action('plugins_loaded'), WP_Hook->do_action, WP_Hook->apply_filters, insertar_valores, dbDelta
[29-Nov-2022 10:02:43 UTC] WordPress database error Duplicate entry '5' for key 'PRIMARY' for query INSERT INTO wp_malsonantes (id, correccion) VALUES (5, 'carbón') made by require_once('wp-load.php'), require_once('wp-config.php'), require_once('wp-settings.php'), do_action('plugins_loaded'), WP_Hook->do_action, WP_Hook->apply_filters, insertar_valores, dbDelta
[29-Nov-2022 10:02:44 UTC] WordPress database error Duplicate entry '1' for key 'PRIMARY' for query INSERT INTO wp_malsonantes (id, malsonante) VALUES (1, 'tonto') made by require_once('wp-admin/admin.php'), require_once('wp-load.php'), require_once('wp-config.php'), require_once('wp-settings.php'), do_action('plugins_loaded'), WP_Hook->do_action, WP_Hook->apply_filters, insertar_valores, dbDelta
[29-Nov-2022 10:02:44 UTC] WordPress database error Duplicate entry '1' for key 'PRIMARY' for query INSERT INTO wp_malsonantes (id, malsonante) VALUES (1, 'tonto') made by require_once('wp-admin/admin.php'), require_once('wp-load.php'), require_once('wp-config.php'), require_once('wp-settings.php'), do_action('plugins_loaded'), WP_Hook->do_action, WP_Hook->apply_filters, insertar_valores, dbDelta
[29-Nov-2022 10:02:44 UTC] WordPress database error Duplicate entry '1' for key 'PRIMARY' for query INSERT INTO wp_malsonantes (id, malsonante) VALUES (1, 'tonto') made by require_once('wp-admin/admin.php'), require_once('wp-load.php'), require_once('wp-config.php'), require_once('wp-settings.php'), do_action('plugins_loaded'), WP_Hook->do_action, WP_Hook->apply_filters, insertar_valores, dbDelta
[29-Nov-2022 10:02:44 UTC] WordPress database error Duplicate entry '1' for key 'PRIMARY' for query INSERT INTO wp_malsonantes (id, malsonante) VALUES (1, 'tonto') made by require_once('wp-admin/admin.php'), require_once('wp-load.php'), require_once('wp-config.php'), require_once('wp-settings.php'), do_action('plugins_loaded'), WP_Hook->do_action, WP_Hook->apply_filters, insertar_valores, dbDelta
[29-Nov-2022 10:02:44 UTC] WordPress database error Duplicate entry '1' for key 'PRIMARY' for query INSERT INTO wp_malsonantes (id, malsonante) VALUES (1, 'tonto') made by require_once('wp-admin/admin.php'), require_once('wp-load.php'), require_once('wp-config.php'), require_once('wp-settings.php'), do_action('plugins_loaded'), WP_Hook->do_action, WP_Hook->apply_filters, insertar_valores, dbDelta
[29-Nov-2022 10:02:44 UTC] WordPress database error Duplicate entry '1' for key 'PRIMARY' for query INSERT INTO wp_malsonantes (id, correccion) VALUES (1, 'listo') made by require_once('wp-admin/admin.php'), require_once('wp-load.php'), require_once('wp-config.php'), require_once('wp-settings.php'), do_action('plugins_loaded'), WP_Hook->do_action, WP_Hook->apply_filters, insertar_valores, dbDelta
[29-Nov-2022 10:02:44 UTC] WordPress database error Duplicate entry '2' for key 'PRIMARY' for query INSERT INTO wp_malsonantes (id, correccion) VALUES (2, 'jopelines') made by require_once('wp-admin/admin.php'), require_once('wp-load.php'), require_once('wp-config.php'), require_once('wp-settings.php'), do_action('plugins_loaded'), WP_Hook->do_action, WP_Hook->apply_filters, insertar_valores, dbDelta
[29-Nov-2022 10:02:44 UTC] WordPress database error Duplicate entry '3' for key 'PRIMARY' for query INSERT INTO wp_malsonantes (id, correccion) VALUES (3, 'guapo') made by require_once('wp-admin/admin.php'), require_once('wp-load.php'), require_once('wp-config.php'), require_once('wp-settings.php'), do_action('plugins_loaded'), WP_Hook->do_action, WP_Hook->apply_filters, insertar_valores, dbDelta
[29-Nov-2022 10:02:44 UTC] WordPress database error Duplicate entry '4' for key 'PRIMARY' for query INSERT INTO wp_malsonantes (id, correccion) VALUES (4, 'excremento') made by require_once('wp-admin/admin.php'), require_once('wp-load.php'), require_once('wp-config.php'), require_once('wp-settings.php'), do_action('plugins_loaded'), WP_Hook->do_action, WP_Hook->apply_filters, insertar_valores, dbDelta
[29-Nov-2022 10:02:44 UTC] WordPress database error Duplicate entry '5' for key 'PRIMARY' for query INSERT INTO wp_malsonantes (id, correccion) VALUES (5, 'carbón') made by require_once('wp-admin/admin.php'), require_once('wp-load.php'), require_once('wp-config.php'), require_once('wp-settings.php'), do_action('plugins_loaded'), WP_Hook->do_action, WP_Hook->apply_filters, insertar_valores, dbDelta
[29-Nov-2022 10:02:44 UTC] PHP Warning:  sizeof(): Parameter must be an array or an object that implements Countable in /var/www/html/wp-content/plugins/Tabla/UsoBD.php on line 75
[29-Nov-2022 10:02:44 UTC] PHP Notice:  Trying to get property 'text' of non-object in /var/www/html/wp-content/plugins/Tabla/UsoBD.php on line 76
[29-Nov-2022 10:02:44 UTC] PHP Warning:  sizeof(): Parameter must be an array or an object that implements Countable in /var/www/html/wp-content/plugins/Tabla/UsoBD.php on line 75
[29-Nov-2022 10:02:44 UTC] PHP Warning:  sizeof(): Parameter must be an array or an object that implements Countable in /var/www/html/wp-content/plugins/Tabla/UsoBD.php on line 80
[29-Nov-2022 10:02:44 UTC] PHP Notice:  Trying to get property 'text' of non-object in /var/www/html/wp-content/plugins/Tabla/UsoBD.php on line 81
[29-Nov-2022 10:02:44 UTC] PHP Fatal error:  Uncaught Error: [] operator not supported for strings in /var/www/html/wp-content/plugins/Tabla/UsoBD.php:81
Stack trace:
#0 /var/www/html/wp-includes/class-wp-hook.php(287): cambiar_malsonantes('\n<p>Bienvenido ...')
#1 /var/www/html/wp-includes/plugin.php(206): WP_Hook->apply_filters('\n<p>Bienvenido ...', Array)
#2 /var/www/html/wp-includes/rest-api/endpoints/class-wp-rest-posts-controller.php(1683): apply_filters('the_content', '<!-- wp:paragra...')
#3 /var/www/html/wp-includes/rest-api/endpoints/class-wp-rest-posts-controller.php(505): WP_REST_Posts_Controller->prepare_item_for_response(Object(WP_Post), Object(WP_REST_Request))
#4 /var/www/html/wp-includes/rest-api/class-wp-rest-server.php(1050): WP_REST_Posts_Controller->get_item(Object(WP_REST_Request))
#5 /var/www/html/wp-includes/rest-api.php(464): WP_REST_Server->dispatch(Object(WP_REST_Request))
#6 /var/www/html/wp-includes/rest-api.php(1984): rest_do_request(Object(WP_REST_Request))
#7 [internal function]: rest_preload_api_request(Array, '/wp/v2/p in /var/www/html/wp-content/plugins/Tabla/UsoBD.php on line 81
